TpTrace Verbose: 0 : 18808, 1, 2024/07/13, 18:08:30.602, 27436091928810, datacollector.dll, Version: 17.10.0-release-24203-04
TpTrace Information: 0 : 18808, 1, 2024/07/13, 18:08:30.612, 27436092026356, datacollector.dll, DataCollectorMain.Run: Starting data collector run with args: --port,52612,--parentprocessid,16464,--diag,C:\Users\PC\Desktop\ResolvedPreparation\HandlingFormInputs\bin\Debug\net6.0\fine-code-coverage\coverage-tool-output\diagnostics.datacollector.24-07-13_18-08-30_38543_5.log,--tracelevel,4
TpTrace Information: 0 : 18808, 1, 2024/07/13, 18:08:30.612, 27436092028703, datacollector.dll, DataCollector: Monitoring parent process with id: '16464'
TpTrace Information: 0 : 18808, 1, 2024/07/13, 18:08:30.626, 27436092164951, datacollector.dll, Trying to connect to server on socket : 127.0.0.1:52612 
TpTrace Verbose: 0 : 18808, 1, 2024/07/13, 18:08:30.643, 27436092338464, datacollector.dll, SocketCommunicationManager : SetupClientAsync : Attempting to connect to the server.
TpTrace Information: 0 : 18808, 6, 2024/07/13, 18:08:30.657, 27436092477740, datacollector.dll, Connected to the server successfully 
TpTrace Information: 0 : 18808, 6, 2024/07/13, 18:08:30.658, 27436092479991, datacollector.dll, Using the buffer size of 16384 bytes
TpTrace Information: 0 : 18808, 1, 2024/07/13, 18:08:30.806, 27436093966325, datacollector.dll, DataCollector: Start Request Processing.
TpTrace Verbose: 0 : 18808, 1, 2024/07/13, 18:08:30.806, 27436093969644, datacollector.dll, SocketCommunicationManager.WaitForServerConnection took: 0 ms, with 90000 ms timeout, and finished with True.
TpTrace Information: 0 : 18808, 1, 2024/07/13, 18:08:30.807, 27436093974617, datacollector.dll, DataCollectionRequestHandler.ProcessRequests: Datacollector received message: (DataCollection.BeforeTestRunStart) -> {"MessageType":"DataCollection.BeforeTestRunStart","Payload":{"SettingsXml":"<RunSettings><RunConfiguration><ResultsDirectory>C:\\Users\\PC\\Desktop\\ResolvedPreparation\\HandlingFormInputs\\bin\\Debug\\net6.0\\fine-code-coverage\\coverage-tool-output</ResultsDirectory><TargetPlatform>X64</TargetPlatform><TargetFrameworkVersion>.NETCoreApp,Version=v6.0</TargetFrameworkVersion><DesignMode>False</DesignMode><CollectSourceInformation>False</CollectSourceInformation><TestAdaptersPaths>C:\\Program Files\\dotnet\\sdk\\8.0.300\\Extensions</TestAdaptersPaths></RunConfiguration><LoggerRunSettings><Loggers><Logger friendlyName=\"blame\" enabled=\"True\" /><Logger friendlyName=\"Console\" uri=\"logger://microsoft/TestPlatform/ConsoleLogger/v1\" assemblyQualifiedName=\"Microsoft.VisualStudio.TestPlatform.CommandLine.Internal.ConsoleLogger, vstest.console, Version=15.0.0.0, Culture=neutral, PublicKeyToken=b03f5f7f11d50a3a\" codeBase=\"C:\\Program Files\\dotnet\\sdk\\8.0.300\\vstest.console.dll\" enabled=\"True\" /></Loggers></LoggerRunSettings><DataCollectionRunSettings><DataCollectors><DataCollector friendlyName=\"blame\" enabled=\"True\"><Configuration><ResultsDirectory>C:\\Users\\PC\\Desktop\\ResolvedPreparation\\HandlingFormInputs\\bin\\Debug\\net6.0\\fine-code-coverage\\coverage-tool-output</ResultsDirectory></Configuration></DataCollector></DataCollectors></DataCollectionRunSettings></RunSettings>","Sources":["C:\\Users\\PC\\Desktop\\ResolvedPreparation\\HandlingFormInputs\\bin\\Debug\\net6.0\\fine-code-coverage\\build-output\\HandlingFormInputs.dll"],"IsTelemetryOptedIn":false}}
TpTrace Verbose: 0 : 18808, 1, 2024/07/13, 18:08:30.878, 27436094688169, datacollector.dll, TestPluginCache: Update extensions started. Skip filter = False
TpTrace Verbose: 0 : 18808, 1, 2024/07/13, 18:08:30.880, 27436094700657, datacollector.dll, TestPluginCache: Using directories for assembly resolution 'C:\Program Files\dotnet\sdk\8.0.300\Extensions'.
TpTrace Verbose: 0 : 18808, 1, 2024/07/13, 18:08:30.880, 27436094703054, datacollector.dll, TestPluginCache: Updated the available extensions to 'C:\Program Files\dotnet\sdk\8.0.300\Extensions\Microsoft.TestPlatform.Extensions.BlameDataCollector.dll,C:\Program Files\dotnet\sdk\8.0.300\Extensions\Microsoft.TestPlatform.Extensions.EventLogCollector.dll'.
TpTrace Verbose: 0 : 18808, 1, 2024/07/13, 18:08:30.888, 27436094783358, datacollector.dll, TestPluginCache.DiscoverTestExtensions: finding test extensions in assemblies ends with: Collector.dll TPluginInfo: Microsoft.VisualStudio.TestPlatform.Common.DataCollector.DataCollectorConfig TExtension: Microsoft.VisualStudio.TestPlatform.ObjectModel.DataCollection.DataCollector
TpTrace Verbose: 0 : 18808, 1, 2024/07/13, 18:08:30.890, 27436094808827, datacollector.dll, TestPluginCache.GetExtensionPaths: Filtered extension paths: C:\Program Files\dotnet\sdk\8.0.300\Extensions\Microsoft.TestPlatform.Extensions.BlameDataCollector.dll
C:\Program Files\dotnet\sdk\8.0.300\Extensions\Microsoft.TestPlatform.Extensions.EventLogCollector.dll
TpTrace Verbose: 0 : 18808, 1, 2024/07/13, 18:08:30.891, 27436094810541, datacollector.dll, TestPluginCache.GetExtensionPaths: Added default extension paths: 
TpTrace Verbose: 0 : 18808, 1, 2024/07/13, 18:08:30.891, 27436094811407, datacollector.dll, TestPluginCache.GetExtensionPaths: Added unfilterableExtensionPaths: 
TpTrace Information: 0 : 18808, 1, 2024/07/13, 18:08:30.892, 27436094820099, datacollector.dll, AssemblyResolver.ctor: Creating AssemblyResolver with searchDirectories C:\Program Files\dotnet\sdk\8.0.300\Extensions,C:\Program Files\dotnet\sdk\8.0.300
TpTrace Verbose: 0 : 18808, 1, 2024/07/13, 18:08:30.894, 27436094840281, datacollector.dll, TestPluginCache.DiscoverTestExtensions: Discovering the extensions using extension path.
TpTrace Verbose: 0 : 18808, 1, 2024/07/13, 18:08:30.894, 27436094843154, datacollector.dll, TestPluginCache.GetExtensionPaths: Filtered extension paths: C:\Program Files\dotnet\sdk\8.0.300\Extensions\Microsoft.TestPlatform.Extensions.BlameDataCollector.dll
C:\Program Files\dotnet\sdk\8.0.300\Extensions\Microsoft.TestPlatform.Extensions.EventLogCollector.dll
TpTrace Verbose: 0 : 18808, 1, 2024/07/13, 18:08:30.894, 27436094844447, datacollector.dll, TestPluginCache.GetExtensionPaths: Added default extension paths: 
TpTrace Verbose: 0 : 18808, 1, 2024/07/13, 18:08:30.894, 27436094845129, datacollector.dll, TestPluginCache.GetExtensionPaths: Added unfilterableExtensionPaths: 
TpTrace Verbose: 0 : 18808, 1, 2024/07/13, 18:08:30.894, 27436094846281, datacollector.dll, TestPluginCache.DiscoverTestExtensions: Discovering the extensions using allExtensionPaths: C:\Program Files\dotnet\sdk\8.0.300\Extensions\Microsoft.TestPlatform.Extensions.BlameDataCollector.dll
C:\Program Files\dotnet\sdk\8.0.300\Extensions\Microsoft.TestPlatform.Extensions.EventLogCollector.dll
TpTrace Information: 0 : 18808, 1, 2024/07/13, 18:08:30.894, 27436094848118, datacollector.dll, AssemblyResolver.AddSearchDirectories: Adding more searchDirectories C:\Program Files\dotnet\sdk\8.0.300\Extensions,C:\Program Files\dotnet\sdk\8.0.300
TpTrace Information: 0 : 18808, 1, 2024/07/13, 18:08:30.894, 27436094849362, datacollector.dll, AssemblyResolver.AddSearchDirectories: Adding more searchDirectories C:\Program Files\dotnet\sdk\8.0.300\Extensions,C:\Program Files\dotnet\sdk\8.0.300
TpTrace Information: 0 : 18808, 1, 2024/07/13, 18:08:30.895, 27436094857102, datacollector.dll, AssemblyResolver.OnResolve: Microsoft.TestPlatform.Extensions.BlameDataCollector: Resolving assembly.
TpTrace Information: 0 : 18808, 1, 2024/07/13, 18:08:30.895, 27436094859008, datacollector.dll, AssemblyResolver.OnResolve: Microsoft.TestPlatform.Extensions.BlameDataCollector: Searching in: 'C:\Program Files\dotnet\sdk\8.0.300\Extensions'.
TpTrace Information: 0 : 18808, 1, 2024/07/13, 18:08:30.909, 27436094992673, datacollector.dll, AssemblyResolver.OnResolve: Microsoft.TestPlatform.Extensions.BlameDataCollector: Loading assembly 'C:\Program Files\dotnet\sdk\8.0.300\Extensions\Microsoft.TestPlatform.Extensions.BlameDataCollector.dll'.
TpTrace Information: 0 : 18808, 1, 2024/07/13, 18:08:30.911, 27436095016488, datacollector.dll, AssemblyResolver.OnResolve: Resolved assembly: Microsoft.TestPlatform.Extensions.BlameDataCollector, from path: C:\Program Files\dotnet\sdk\8.0.300\Extensions\Microsoft.TestPlatform.Extensions.BlameDataCollector.dll
TpTrace Verbose: 0 : 18808, 1, 2024/07/13, 18:08:30.919, 27436095098334, datacollector.dll, MetadataReaderExtensionsHelper: Discovering extensions inside assembly 'Microsoft.TestPlatform.Extensions.BlameDataCollector, Version=15.0.0.0, Culture=neutral, PublicKeyToken=b03f5f7f11d50a3a' file path 'C:\Program Files\dotnet\sdk\8.0.300\Extensions\Microsoft.TestPlatform.Extensions.BlameDataCollector.dll'
TpTrace Error: 0 : 18808, 1, 2024/07/13, 18:08:30.924, 27436095144576, datacollector.dll, The type "Microsoft.TestPlatform.Extensions.BlameDataCollector.BlameCollector" defined in "Microsoft.TestPlatform.Extensions.BlameDataCollector.dll" does not have ExtensionUri attribute.
TpTrace Information: 0 : 18808, 1, 2024/07/13, 18:08:30.928, 27436095184197, datacollector.dll, GetTestExtensionFromType: Register extension with identifier data 'datacollector://microsoft/TestPlatform/Extensions/Blame/v1' and type 'Microsoft.TestPlatform.Extensions.BlameDataCollector.BlameCollector, Microsoft.TestPlatform.Extensions.BlameDataCollector, Version=15.0.0.0, Culture=neutral, PublicKeyToken=b03f5f7f11d50a3a' inside file 'C:\Program Files\dotnet\sdk\8.0.300\Extensions\Microsoft.TestPlatform.Extensions.BlameDataCollector.dll'
TpTrace Information: 0 : 18808, 1, 2024/07/13, 18:08:30.928, 27436095186449, datacollector.dll, AssemblyResolver.OnResolve: Microsoft.TestPlatform.Extensions.EventLogCollector: Resolving assembly.
TpTrace Information: 0 : 18808, 1, 2024/07/13, 18:08:30.928, 27436095187387, datacollector.dll, AssemblyResolver.OnResolve: Microsoft.TestPlatform.Extensions.EventLogCollector: Searching in: 'C:\Program Files\dotnet\sdk\8.0.300\Extensions'.
TpTrace Information: 0 : 18808, 1, 2024/07/13, 18:08:30.929, 27436095198905, datacollector.dll, AssemblyResolver.OnResolve: Microsoft.TestPlatform.Extensions.EventLogCollector: Loading assembly 'C:\Program Files\dotnet\sdk\8.0.300\Extensions\Microsoft.TestPlatform.Extensions.EventLogCollector.dll'.
TpTrace Information: 0 : 18808, 1, 2024/07/13, 18:08:30.931, 27436095211528, datacollector.dll, AssemblyResolver.OnResolve: Resolved assembly: Microsoft.TestPlatform.Extensions.EventLogCollector, from path: C:\Program Files\dotnet\sdk\8.0.300\Extensions\Microsoft.TestPlatform.Extensions.EventLogCollector.dll
TpTrace Verbose: 0 : 18808, 1, 2024/07/13, 18:08:30.931, 27436095213270, datacollector.dll, MetadataReaderExtensionsHelper: Discovering extensions inside assembly 'Microsoft.TestPlatform.Extensions.EventLogCollector, Version=15.0.0.0, Culture=neutral, PublicKeyToken=b03f5f7f11d50a3a' file path 'C:\Program Files\dotnet\sdk\8.0.300\Extensions\Microsoft.TestPlatform.Extensions.EventLogCollector.dll'
TpTrace Error: 0 : 18808, 1, 2024/07/13, 18:08:30.937, 27436095269955, datacollector.dll, The type "Microsoft.TestPlatform.Extensions.EventLogCollector.EventLogDataCollector" defined in "Microsoft.TestPlatform.Extensions.EventLogCollector.dll" does not have ExtensionUri attribute.
TpTrace Information: 0 : 18808, 1, 2024/07/13, 18:08:30.937, 27436095274141, datacollector.dll, GetTestExtensionFromType: Register extension with identifier data 'datacollector://microsoft/EventLog/2.0' and type 'Microsoft.TestPlatform.Extensions.EventLogCollector.EventLogDataCollector, Microsoft.TestPlatform.Extensions.EventLogCollector, Version=15.0.0.0, Culture=neutral, PublicKeyToken=b03f5f7f11d50a3a' inside file 'C:\Program Files\dotnet\sdk\8.0.300\Extensions\Microsoft.TestPlatform.Extensions.EventLogCollector.dll'
TpTrace Verbose: 0 : 18808, 1, 2024/07/13, 18:08:30.937, 27436095277647, datacollector.dll, TestPluginCache: Discovered the extensions using extension path 'C:\Program Files\dotnet\sdk\8.0.300\Extensions\Microsoft.TestPlatform.Extensions.BlameDataCollector.dll,C:\Program Files\dotnet\sdk\8.0.300\Extensions\Microsoft.TestPlatform.Extensions.EventLogCollector.dll'.
TpTrace Verbose: 0 : 18808, 1, 2024/07/13, 18:08:30.937, 27436095278643, datacollector.dll, TestPluginCache: Discoverers are ''.
TpTrace Verbose: 0 : 18808, 1, 2024/07/13, 18:08:30.937, 27436095279398, datacollector.dll, TestPluginCache: Executors are ''.
TpTrace Verbose: 0 : 18808, 1, 2024/07/13, 18:08:30.938, 27436095281110, datacollector.dll, TestPluginCache: Executors2 are ''.
TpTrace Verbose: 0 : 18808, 1, 2024/07/13, 18:08:30.938, 27436095281867, datacollector.dll, TestPluginCache: Setting providers are ''.
TpTrace Verbose: 0 : 18808, 1, 2024/07/13, 18:08:30.938, 27436095282495, datacollector.dll, TestPluginCache: Loggers are ''.
TpTrace Verbose: 0 : 18808, 1, 2024/07/13, 18:08:30.938, 27436095283100, datacollector.dll, TestPluginCache: TestHosts are ''.
TpTrace Verbose: 0 : 18808, 1, 2024/07/13, 18:08:30.938, 27436095288204, datacollector.dll, TestPluginCache: DataCollectors are 'datacollector://microsoft/TestPlatform/Extensions/Blame/v1,datacollector://microsoft/EventLog/2.0'.
TpTrace Information: 0 : 18808, 1, 2024/07/13, 18:08:30.941, 27436095317763, datacollector.dll, TestPluginManager.CreateTestExtension: Attempting to load test extension: Microsoft.TestPlatform.Extensions.BlameDataCollector.BlameCollector
TpTrace Information: 0 : 18808, 1, 2024/07/13, 18:08:30.948, 27436095385438, datacollector.dll, [MonitorPostmortemDump]Monitor enabled: 'False'
TpTrace Verbose: 0 : 18808, 1, 2024/07/13, 18:08:30.949, 27436095397735, datacollector.dll, MulticastDelegateUtilities.SafeInvoke: DataCollectionEvents.SessionStart: Invoking callbacks was skipped because there are no subscribers.
TpTrace Information: 0 : 18808, 1, 2024/07/13, 18:08:30.950, 27436095408282, datacollector.dll, Listening on Endpoint : 127.0.0.1:52614
TpTrace Information: 0 : 18808, 1, 2024/07/13, 18:08:30.964, 27436095543997, datacollector.dll, DataCollectionRequestHandler.ProcessRequests : DataCollection started.
TpTrace Information: 0 : 18808, 1, 2024/07/13, 18:08:31.007, 27436095972086, datacollector.dll, DataCollectionRequestHandler.ProcessRequests: Datacollector received message: (DataCollection.TestHostLaunched) -> {"MessageType":"DataCollection.TestHostLaunched","Payload":{"ProcessId":16812}}
TpTrace Verbose: 0 : 18808, 1, 2024/07/13, 18:08:31.011, 27436096016217, datacollector.dll, MulticastDelegateUtilities.SafeInvoke: DataCollectionEvents.TestHostLaunched: Invoking callback 1/1 for Microsoft.TestPlatform.Extensions.BlameDataCollector.BlameCollector., took 0 ms.
TpTrace Information: 0 : 18808, 8, 2024/07/13, 18:08:31.323, 27436099137544, datacollector.dll, Using the buffer size of 16384 bytes
TpTrace Verbose: 0 : 18808, 6, 2024/07/13, 18:08:31.323, 27436099137821, datacollector.dll, SocketCommunicationManager.WaitForClientConnection took: 367 ms, with 90000 ms timeout, and finished with True.
TpTrace Information: 0 : 18808, 8, 2024/07/13, 18:08:31.324, 27436099140048, datacollector.dll, Accepted Client request and set the flag
TpTrace Information: 0 : 18808, 6, 2024/07/13, 18:08:33.461, 27436120515030, datacollector.dll, DataCollectionTestCaseEventHandler: Test case starting.
TpTrace Information: 0 : 18808, 6, 2024/07/13, 18:08:33.497, 27436120871667, datacollector.dll, BlameCollector.EventsTestCaseStart: Test Case Start
TpTrace Verbose: 0 : 18808, 6, 2024/07/13, 18:08:33.497, 27436120877733, datacollector.dll, MulticastDelegateUtilities.SafeInvoke: DataCollectionEvents.TestCaseStart: Invoking callback 1/1 for Microsoft.TestPlatform.Extensions.BlameDataCollector.BlameCollector., took 0 ms.
TpTrace Information: 0 : 18808, 6, 2024/07/13, 18:08:33.498, 27436120882225, datacollector.dll, DataCollectionTestCaseEventHandler: Test case 'Test1 - 523bf88e-6394-14ca-2f8c-ae13b78c8bf3' started.
TpTrace Information: 0 : 18808, 6, 2024/07/13, 18:08:48.294, 27436268842790, datacollector.dll, DataCollectionTestCaseEventHandler: Test case completing.
TpTrace Information: 0 : 18808, 6, 2024/07/13, 18:08:48.305, 27436268951876, datacollector.dll, BlameCollector.EventsTestCaseEnd: Test Case End
TpTrace Verbose: 0 : 18808, 6, 2024/07/13, 18:08:48.306, 27436268961502, datacollector.dll, MulticastDelegateUtilities.SafeInvoke: DataCollectionEvents.TestCaseEnd: Invoking callback 1/1 for Microsoft.TestPlatform.Extensions.BlameDataCollector.BlameCollector., took 1 ms.
TpTrace Information: 0 : 18808, 6, 2024/07/13, 18:08:48.311, 27436269014837, datacollector.dll, DataCollectionTestCaseEventHandler: Test case 'Test1 - 523bf88e-6394-14ca-2f8c-ae13b78c8bf3' completed
TpTrace Information: 0 : 18808, 6, 2024/07/13, 18:08:48.352, 27436269425744, datacollector.dll, DataCollectionTestCaseEventHandler: Test session ended
TpTrace Information: 0 : 18808, 1, 2024/07/13, 18:08:48.462, 27436270523294, datacollector.dll, DataCollectionRequestHandler.ProcessRequests: Datacollector received message: (DataCollection.AfterTestRunEnd) -> {"MessageType":"DataCollection.AfterTestRunEnd","Payload":false}
TpTrace Information: 0 : 18808, 1, 2024/07/13, 18:08:48.463, 27436270536864, datacollector.dll, Blame Collector: Session End
TpTrace Information: 0 : 18808, 1, 2024/07/13, 18:08:48.463, 27436270538169, datacollector.dll, BlameCollector.CollectDumpAndAbortTesthost: Custom path to dump directory was provided via VSTEST_DUMP_PATH. Skipping attachment upload, the caller is responsible for collecting and uploading the dumps themselves.
TpTrace Verbose: 0 : 18808, 1, 2024/07/13, 18:08:48.463, 27436270539567, datacollector.dll, MulticastDelegateUtilities.SafeInvoke: DataCollectionEvents.SessionEnd: Invoking callback 1/1 for Microsoft.TestPlatform.Extensions.BlameDataCollector.BlameCollector., took 0 ms.
TpTrace Information: 0 : 18808, 1, 2024/07/13, 18:08:48.465, 27436270551375, datacollector.dll, DataCollectionManager.CleanupPlugins: CleanupPlugins called
TpTrace Verbose: 0 : 18808, 1, 2024/07/13, 18:08:48.465, 27436270552393, datacollector.dll, DataCollectionManager.CleanupPlugins: Cleaning up 1 plugins
TpTrace Verbose: 0 : 18808, 1, 2024/07/13, 18:08:48.465, 27436270554336, datacollector.dll, dataCollectorInfo.DisposeDataCollector: calling Dispose() on Microsoft.TestPlatform.Extensions.BlameDataCollector.BlameCollector
TpTrace Information: 0 : 18808, 1, 2024/07/13, 18:08:48.465, 27436270555677, datacollector.dll, DataCollectionManager.CleanupPlugins: CleanupPlugins finished
TpTrace Information: 0 : 18808, 1, 2024/07/13, 18:08:48.477, 27436270676502, datacollector.dll, DataCollectionRequestHandler.ProcessRequests : Session End message received from server. Closing the connection.
TpTrace Information: 0 : 18808, 1, 2024/07/13, 18:08:48.478, 27436270685830, datacollector.dll, Closing the connection !
TpTrace Information: 0 : 18808, 1, 2024/07/13, 18:08:48.478, 27436270687601, datacollector.dll, DataCollectionRequestHandler.ProcessRequests : DataCollection completed
TpTrace Information: 0 : 18808, 1, 2024/07/13, 18:08:48.478, 27436270688977, datacollector.dll, Program.Main: exiting datacollector process.
